[Android_emulator-5554 INFO ] 2023-08-06 12:28:44.124 ServerManager:30 - starting appium server
[Android_emulator-5554 INFO ] 2023-08-06 12:28:44.293 ServerManager:41 - Appium server started
[Android_emulator-5554 INFO ] 2023-08-06 12:28:44.322 AppiumCapabilitiesManager:17 - getting capabilities
[Android_emulator-5554 INFO ] 2023-08-06 12:28:44.325 DriverManager:53 - initializing Appium driver
[Android_emulator-5554 INFO ] 2023-08-06 12:40:53.544 ServerManager:30 - starting appium server
[Android_emulator-5554 INFO ] 2023-08-06 12:46:36.809 ServerManager:30 - starting appium server
[Android_emulator-5554 INFO ] 2023-08-06 13:01:00.229 ServerManager:30 - starting appium server
[Android_emulator-5554 INFO ] 2023-08-06 13:01:01.993 ServerManager:41 - Appium server started
[Android_emulator-5554 INFO ] 2023-08-06 13:01:02.010 AppiumCapabilitiesManager:17 - getting capabilities
[Android_emulator-5554 INFO ] 2023-08-06 13:01:02.012 DriverManager:53 - initializing Appium driver
[Android_emulator-5554 INFO ] 2023-08-06 13:01:11.238 DriverManager:74 - Driver is initialized
[Android_emulator-5554 INFO ] 2023-08-06 13:03:31.623 ServerManager:30 - starting appium server
[Android_emulator-5554 INFO ] 2023-08-06 13:03:33.734 ServerManager:41 - Appium server started
[Android_emulator-5554 INFO ] 2023-08-06 13:03:33.754 AppiumCapabilitiesManager:17 - getting capabilities
[Android_emulator-5554 INFO ] 2023-08-06 13:03:33.756 DriverManager:53 - initializing Appium driver
[Android_emulator-5554 INFO ] 2023-08-06 13:03:42.198 DriverManager:74 - Driver is initialized
[Android_emulator-5554 INFO ] 2023-08-06 16:42:21.980 ServerManager:30 - starting appium server
[Android_emulator-5554 INFO ] 2023-08-06 16:42:24.090 ServerManager:41 - Appium server started
[Android_emulator-5554 INFO ] 2023-08-06 16:42:24.108 AppiumCapabilitiesManager:17 - getting capabilities
[Android_emulator-5554 INFO ] 2023-08-06 16:42:24.110 DriverManager:53 - initializing Appium driver
[Android_emulator-5554 INFO ] 2023-08-06 16:42:30.921 DriverManager:74 - Driver is initialized
[Android_emulator-5554 INFO ] 2023-08-06 16:45:58.395 ServerManager:30 - starting appium server
[Android_emulator-5554 INFO ] 2023-08-06 16:46:00.517 ServerManager:41 - Appium server started
[Android_emulator-5554 INFO ] 2023-08-06 16:46:00.547 AppiumCapabilitiesManager:17 - getting capabilities
[Android_emulator-5554 INFO ] 2023-08-06 16:46:00.549 DriverManager:53 - initializing Appium driver
[Android_emulator-5554 INFO ] 2023-08-06 16:46:35.791 ServerManager:30 - starting appium server
[Android_emulator-5554 INFO ] 2023-08-06 16:46:37.891 ServerManager:41 - Appium server started
[Android_emulator-5554 INFO ] 2023-08-06 16:46:37.911 AppiumCapabilitiesManager:17 - getting capabilities
[Android_emulator-5554 INFO ] 2023-08-06 16:46:37.913 DriverManager:53 - initializing Appium driver
[Android_emulator-5554 INFO ] 2023-08-06 16:46:44.389 DriverManager:74 - Driver is initialized
[Android_emulator-5554 INFO ] 2023-08-06 16:56:26.805 ServerManager:30 - starting appium server
[Android_emulator-5554 INFO ] 2023-08-06 16:56:28.557 ServerManager:41 - Appium server started
[Android_emulator-5554 INFO ] 2023-08-06 16:56:28.584 AppiumCapabilitiesManager:17 - getting capabilities
[Android_emulator-5554 INFO ] 2023-08-06 16:56:28.586 DriverManager:53 - initializing Appium driver
[Android_emulator-5554 INFO ] 2023-08-06 16:56:35.873 DriverManager:74 - Driver is initialized
[Android_emulator-5554 INFO ] 2023-08-06 17:01:36.835 ServerManager:30 - starting appium server
[Android_emulator-5554 INFO ] 2023-08-06 17:01:38.603 ServerManager:41 - Appium server started
[Android_emulator-5554 INFO ] 2023-08-06 17:01:38.621 AppiumCapabilitiesManager:17 - getting capabilities
[Android_emulator-5554 INFO ] 2023-08-06 17:01:38.623 DriverManager:53 - initializing Appium driver
[Android_emulator-5554 INFO ] 2023-08-06 17:01:45.527 DriverManager:74 - Driver is initialized
[Android_emulator-5554 INFO ] 2023-08-06 17:12:05.893 ServerManager:30 - starting appium server
[Android_emulator-5554 INFO ] 2023-08-06 17:12:08.022 ServerManager:41 - Appium server started
[Android_emulator-5554 INFO ] 2023-08-06 17:12:08.053 AppiumCapabilitiesManager:17 - getting capabilities
[Android_emulator-5554 INFO ] 2023-08-06 17:12:08.055 DriverManager:53 - initializing Appium driver
[Android_emulator-5554 INFO ] 2023-08-06 17:12:15.185 DriverManager:74 - Driver is initialized
[Android_emulator-5554 INFO ] 2023-08-06 17:16:02.504 ServerManager:30 - starting appium server
[Android_emulator-5554 INFO ] 2023-08-06 17:16:04.262 ServerManager:41 - Appium server started
[Android_emulator-5554 INFO ] 2023-08-06 17:16:04.280 AppiumCapabilitiesManager:17 - getting capabilities
[Android_emulator-5554 INFO ] 2023-08-06 17:16:04.282 DriverManager:53 - initializing Appium driver
[Android_emulator-5554 INFO ] 2023-08-06 17:16:10.913 DriverManager:74 - Driver is initialized
[Android_emulator-5554 INFO ] 2023-08-06 17:20:37.198 ServerManager:30 - starting appium server
[Android_emulator-5554 INFO ] 2023-08-06 17:20:38.980 ServerManager:41 - Appium server started
[Android_emulator-5554 INFO ] 2023-08-06 17:20:38.999 AppiumCapabilitiesManager:17 - getting capabilities
[Android_emulator-5554 INFO ] 2023-08-06 17:20:39.001 DriverManager:53 - initializing Appium driver
[Android_emulator-5554 INFO ] 2023-08-06 17:20:45.681 DriverManager:74 - Driver is initialized
[Android_emulator-5554 INFO ] 2023-08-06 17:31:25.805 ServerManager:30 - starting appium server
[Android_emulator-5554 INFO ] 2023-08-06 17:31:27.590 ServerManager:41 - Appium server started
[Android_emulator-5554 INFO ] 2023-08-06 17:31:27.608 AppiumCapabilitiesManager:17 - getting capabilities
[Android_emulator-5554 INFO ] 2023-08-06 17:31:27.609 DriverManager:53 - initializing Appium driver
[Android_emulator-5554 INFO ] 2023-08-06 17:31:34.721 DriverManager:74 - Driver is initialized
[Android_emulator-5554 INFO ] 2023-08-06 17:34:27.705 ServerManager:30 - starting appium server
[Android_emulator-5554 INFO ] 2023-08-06 17:34:29.485 ServerManager:41 - Appium server started
[Android_emulator-5554 INFO ] 2023-08-06 17:34:29.503 AppiumCapabilitiesManager:17 - getting capabilities
[Android_emulator-5554 INFO ] 2023-08-06 17:34:29.505 DriverManager:53 - initializing Appium driver
[Android_emulator-5554 INFO ] 2023-08-06 17:34:36.075 DriverManager:74 - Driver is initialized
[Android_emulator-5554 INFO ] 2023-08-06 17:40:30.478 ServerManager:30 - starting appium server
[Android_emulator-5554 INFO ] 2023-08-06 17:40:32.260 ServerManager:41 - Appium server started
[Android_emulator-5554 INFO ] 2023-08-06 17:40:32.279 AppiumCapabilitiesManager:17 - getting capabilities
[Android_emulator-5554 INFO ] 2023-08-06 17:40:32.281 DriverManager:53 - initializing Appium driver
[Android_emulator-5554 INFO ] 2023-08-06 17:40:39.206 DriverManager:74 - Driver is initialized
[Android_emulator-5554 INFO ] 2023-08-06 17:42:15.242 ServerManager:30 - starting appium server
[Android_emulator-5554 INFO ] 2023-08-06 17:42:17.029 ServerManager:41 - Appium server started
[Android_emulator-5554 INFO ] 2023-08-06 17:42:17.048 AppiumCapabilitiesManager:17 - getting capabilities
[Android_emulator-5554 INFO ] 2023-08-06 17:42:17.051 DriverManager:53 - initializing Appium driver
[Android_emulator-5554 INFO ] 2023-08-06 17:42:23.917 DriverManager:74 - Driver is initialized
[Android_emulator-5554 INFO ] 2023-08-06 17:44:19.971 ServerManager:30 - starting appium server
[Android_emulator-5554 INFO ] 2023-08-06 17:44:21.757 ServerManager:41 - Appium server started
[Android_emulator-5554 INFO ] 2023-08-06 17:44:21.777 AppiumCapabilitiesManager:17 - getting capabilities
[Android_emulator-5554 INFO ] 2023-08-06 17:44:21.779 DriverManager:53 - initializing Appium driver
[Android_emulator-5554 INFO ] 2023-08-06 17:44:28.566 DriverManager:74 - Driver is initialized
[Android_emulator-5554 INFO ] 2023-08-06 17:48:04.518 ServerManager:30 - starting appium server
[Android_emulator-5554 INFO ] 2023-08-06 17:48:06.741 ServerManager:41 - Appium server started
[Android_emulator-5554 INFO ] 2023-08-06 17:48:06.767 AppiumCapabilitiesManager:17 - getting capabilities
[Android_emulator-5554 INFO ] 2023-08-06 17:48:06.769 DriverManager:53 - initializing Appium driver
[Android_emulator-5554 INFO ] 2023-08-06 17:48:13.301 DriverManager:74 - Driver is initialized
[Android_emulator-5554 INFO ] 2023-08-06 17:57:34.254 ServerManager:30 - starting appium server
[Android_emulator-5554 INFO ] 2023-08-06 17:57:36.359 ServerManager:41 - Appium server started
[Android_emulator-5554 INFO ] 2023-08-06 17:57:36.379 AppiumCapabilitiesManager:17 - getting capabilities
[Android_emulator-5554 INFO ] 2023-08-06 17:57:36.381 DriverManager:53 - initializing Appium driver
[Android_emulator-5554 INFO ] 2023-08-06 17:57:42.932 DriverManager:74 - Driver is initialized
[Android_emulator-5554 INFO ] 2023-08-06 18:32:57.652 ServerManager:30 - starting appium server
[Android_emulator-5554 INFO ] 2023-08-06 18:32:59.766 ServerManager:41 - Appium server started
[Android_emulator-5554 INFO ] 2023-08-06 18:32:59.803 AppiumCapabilitiesManager:17 - getting capabilities
[Android_emulator-5554 INFO ] 2023-08-06 18:32:59.812 DriverManager:53 - initializing Appium driver
[Android_emulator-5554 INFO ] 2023-08-06 18:33:06.654 DriverManager:74 - Driver is initialized
[Android_emulator-5554 INFO ] 2023-08-06 18:37:01.228 ServerManager:30 - starting appium server
[Android_emulator-5554 INFO ] 2023-08-06 18:37:03.320 ServerManager:41 - Appium server started
[Android_emulator-5554 INFO ] 2023-08-06 18:37:03.344 AppiumCapabilitiesManager:17 - getting capabilities
[Android_emulator-5554 INFO ] 2023-08-06 18:37:03.346 DriverManager:53 - initializing Appium driver
[Android_emulator-5554 INFO ] 2023-08-06 18:37:10.047 DriverManager:74 - Driver is initialized
[Android_emulator-5554 INFO ] 2023-08-06 18:37:37.528 ServerManager:30 - starting appium server
[Android_emulator-5554 INFO ] 2023-08-06 18:37:39.292 ServerManager:41 - Appium server started
[Android_emulator-5554 INFO ] 2023-08-06 18:37:39.314 AppiumCapabilitiesManager:17 - getting capabilities
[Android_emulator-5554 INFO ] 2023-08-06 18:37:39.316 DriverManager:53 - initializing Appium driver
[Android_emulator-5554 INFO ] 2023-08-06 18:37:45.850 DriverManager:74 - Driver is initialized
[Android_emulator-5554 INFO ] 2023-08-06 18:42:02.315 ServerManager:30 - starting appium server
[Android_emulator-5554 INFO ] 2023-08-06 18:42:04.072 ServerManager:41 - Appium server started
[Android_emulator-5554 INFO ] 2023-08-06 18:42:04.091 AppiumCapabilitiesManager:17 - getting capabilities
[Android_emulator-5554 INFO ] 2023-08-06 18:42:04.093 DriverManager:53 - initializing Appium driver
[Android_emulator-5554 INFO ] 2023-08-06 18:42:10.774 DriverManager:74 - Driver is initialized
[Android_emulator-5554 INFO ] 2023-08-06 18:45:11.290 ServerManager:30 - starting appium server
[Android_emulator-5554 INFO ] 2023-08-06 18:45:13.390 ServerManager:41 - Appium server started
[Android_emulator-5554 INFO ] 2023-08-06 18:45:13.408 AppiumCapabilitiesManager:17 - getting capabilities
[Android_emulator-5554 INFO ] 2023-08-06 18:45:13.410 DriverManager:53 - initializing Appium driver
[Android_emulator-5554 INFO ] 2023-08-06 18:45:20.064 DriverManager:74 - Driver is initialized
[Android_emulator-5554 INFO ] 2023-08-06 18:49:34.658 ServerManager:30 - starting appium server
[Android_emulator-5554 INFO ] 2023-08-06 18:49:36.751 ServerManager:41 - Appium server started
[Android_emulator-5554 INFO ] 2023-08-06 18:49:36.769 AppiumCapabilitiesManager:17 - getting capabilities
[Android_emulator-5554 INFO ] 2023-08-06 18:49:36.771 DriverManager:53 - initializing Appium driver
[Android_emulator-5554 INFO ] 2023-08-06 18:49:43.345 DriverManager:74 - Driver is initialized
[Android_emulator-5554 INFO ] 2023-08-06 18:50:53.623 ServerManager:30 - starting appium server
[Android_emulator-5554 INFO ] 2023-08-06 18:50:55.396 ServerManager:41 - Appium server started
[Android_emulator-5554 INFO ] 2023-08-06 18:50:55.414 AppiumCapabilitiesManager:17 - getting capabilities
[Android_emulator-5554 INFO ] 2023-08-06 18:50:55.415 DriverManager:53 - initializing Appium driver
[Android_emulator-5554 INFO ] 2023-08-06 18:51:02.157 DriverManager:74 - Driver is initialized
[Android_emulator-5554 INFO ] 2023-08-06 19:32:25.022 ServerManager:30 - starting appium server
[Android_emulator-5554 INFO ] 2023-08-06 19:32:51.019 ServerManager:30 - starting appium server
[Android_emulator-5554 INFO ] 2023-08-06 19:32:52.906 ServerManager:41 - Appium server started
[Android_emulator-5554 INFO ] 2023-08-06 19:32:52.925 AppiumCapabilitiesManager:17 - getting capabilities
[Android_emulator-5554 INFO ] 2023-08-06 19:32:52.927 DriverManager:53 - initializing Appium driver
[Android_emulator-5554 INFO ] 2023-08-06 19:33:00.229 DriverManager:74 - Driver is initialized
[Android_emulator-5554 INFO ] 2023-08-06 21:37:46.188 ServerManager:30 - starting appium server
[Android_emulator-5554 INFO ] 2023-08-06 21:37:47.960 ServerManager:41 - Appium server started
[Android_emulator-5554 INFO ] 2023-08-06 21:37:47.978 AppiumCapabilitiesManager:17 - getting capabilities
[Android_emulator-5554 INFO ] 2023-08-06 21:37:47.980 DriverManager:53 - initializing Appium driver
[Android_emulator-5554 INFO ] 2023-08-06 21:37:54.518 DriverManager:74 - Driver is initialized
[Android_emulator-5554 INFO ] 2023-08-06 21:39:37.421 ServerManager:30 - starting appium server
[Android_emulator-5554 INFO ] 2023-08-06 21:39:39.886 ServerManager:41 - Appium server started
[Android_emulator-5554 INFO ] 2023-08-06 21:39:39.906 AppiumCapabilitiesManager:17 - getting capabilities
[Android_emulator-5554 INFO ] 2023-08-06 21:39:39.908 DriverManager:53 - initializing Appium driver
[Android_emulator-5554 INFO ] 2023-08-06 21:39:46.323 DriverManager:74 - Driver is initialized
[Android_emulator-5554 INFO ] 2023-08-06 21:57:44.750 ServerManager:30 - starting appium server
[Android_emulator-5554 INFO ] 2023-08-06 21:57:46.849 ServerManager:41 - Appium server started
[Android_emulator-5554 INFO ] 2023-08-06 21:57:46.868 AppiumCapabilitiesManager:17 - getting capabilities
[Android_emulator-5554 INFO ] 2023-08-06 21:57:46.870 DriverManager:53 - initializing Appium driver
[Android_emulator-5554 INFO ] 2023-08-06 21:57:53.447 DriverManager:74 - Driver is initialized
[Android_emulator-5554 INFO ] 2023-08-06 22:15:04.781 ServerManager:30 - starting appium server
[Android_emulator-5554 INFO ] 2023-08-06 22:15:06.558 ServerManager:41 - Appium server started
[Android_emulator-5554 INFO ] 2023-08-06 22:15:06.574 AppiumCapabilitiesManager:17 - getting capabilities
[Android_emulator-5554 INFO ] 2023-08-06 22:15:06.576 DriverManager:53 - initializing Appium driver
[Android_emulator-5554 INFO ] 2023-08-06 22:15:13.216 DriverManager:74 - Driver is initialized
[Android_emulator-5554 INFO ] 2023-08-06 22:27:04.236 ServerManager:30 - starting appium server
[Android_emulator-5554 INFO ] 2023-08-06 22:27:05.992 ServerManager:41 - Appium server started
[Android_emulator-5554 INFO ] 2023-08-06 22:27:06.009 AppiumCapabilitiesManager:17 - getting capabilities
[Android_emulator-5554 INFO ] 2023-08-06 22:27:06.011 DriverManager:53 - initializing Appium driver
[Android_emulator-5554 INFO ] 2023-08-06 22:27:12.478 DriverManager:74 - Driver is initialized
[Android_emulator-5554 INFO ] 2023-08-06 22:30:22.088 ServerManager:30 - starting appium server
[Android_emulator-5554 INFO ] 2023-08-06 22:30:24.185 ServerManager:41 - Appium server started
[Android_emulator-5554 INFO ] 2023-08-06 22:30:24.204 AppiumCapabilitiesManager:17 - getting capabilities
[Android_emulator-5554 INFO ] 2023-08-06 22:30:24.206 DriverManager:53 - initializing Appium driver
[Android_emulator-5554 INFO ] 2023-08-06 22:30:30.852 DriverManager:74 - Driver is initialized
[Android_emulator-5554 INFO ] 2023-08-06 22:41:23.812 ServerManager:30 - starting appium server
[Android_emulator-5554 INFO ] 2023-08-06 22:41:25.923 ServerManager:41 - Appium server started
[Android_emulator-5554 INFO ] 2023-08-06 22:41:25.948 AppiumCapabilitiesManager:17 - getting capabilities
[Android_emulator-5554 INFO ] 2023-08-06 22:41:25.950 DriverManager:53 - initializing Appium driver
[Android_emulator-5554 INFO ] 2023-08-06 22:41:32.681 DriverManager:74 - Driver is initialized
[Android_emulator-5554 INFO ] 2023-08-06 23:03:13.141 ServerManager:30 - starting appium server
[Android_emulator-5554 INFO ] 2023-08-06 23:03:15.230 ServerManager:41 - Appium server started
[Android_emulator-5554 INFO ] 2023-08-06 23:03:15.249 AppiumCapabilitiesManager:17 - getting capabilities
[Android_emulator-5554 INFO ] 2023-08-06 23:03:15.251 DriverManager:53 - initializing Appium driver
[Android_emulator-5554 INFO ] 2023-08-06 23:03:21.823 DriverManager:74 - Driver is initialized
[Android_emulator-5554 INFO ] 2023-08-06 23:08:52.624 ServerManager:30 - starting appium server
[Android_emulator-5554 INFO ] 2023-08-06 23:08:54.389 ServerManager:41 - Appium server started
[Android_emulator-5554 INFO ] 2023-08-06 23:08:54.407 AppiumCapabilitiesManager:17 - getting capabilities
[Android_emulator-5554 INFO ] 2023-08-06 23:08:54.409 DriverManager:53 - initializing Appium driver
[Android_emulator-5554 INFO ] 2023-08-06 23:09:01.101 DriverManager:74 - Driver is initialized
[Android_emulator-5554 INFO ] 2023-08-06 23:12:41.948 ServerManager:30 - starting appium server
[Android_emulator-5554 INFO ] 2023-08-06 23:12:43.725 ServerManager:41 - Appium server started
[Android_emulator-5554 INFO ] 2023-08-06 23:12:43.744 AppiumCapabilitiesManager:17 - getting capabilities
[Android_emulator-5554 INFO ] 2023-08-06 23:12:43.745 DriverManager:53 - initializing Appium driver
[Android_emulator-5554 INFO ] 2023-08-06 23:12:50.332 DriverManager:74 - Driver is initialized
[Android_emulator-5554 INFO ] 2023-08-06 23:33:58.294 ServerManager:30 - starting appium server
[Android_emulator-5554 INFO ] 2023-08-06 23:34:52.978 ServerManager:30 - starting appium server
[Android_emulator-5554 INFO ] 2023-08-06 23:34:55.094 ServerManager:41 - Appium server started
[Android_emulator-5554 INFO ] 2023-08-06 23:34:55.114 AppiumCapabilitiesManager:17 - getting capabilities
[Android_emulator-5554 INFO ] 2023-08-06 23:34:55.117 DriverManager:53 - initializing Appium driver
[Android_emulator-5554 INFO ] 2023-08-06 23:35:04.019 DriverManager:74 - Driver is initialized
[Android_emulator-5554 INFO ] 2023-08-06 23:39:20.662 ServerManager:30 - starting appium server
[Android_emulator-5554 INFO ] 2023-08-06 23:39:22.786 ServerManager:41 - Appium server started
[Android_emulator-5554 INFO ] 2023-08-06 23:39:22.812 AppiumCapabilitiesManager:17 - getting capabilities
[Android_emulator-5554 INFO ] 2023-08-06 23:39:22.815 DriverManager:53 - initializing Appium driver
[Android_emulator-5554 INFO ] 2023-08-06 23:39:29.732 DriverManager:74 - Driver is initialized
